TN:
SF:src\withRouter.tsx
FN:3,(anonymous_0)
FN:4,(anonymous_1)
FNF:2
FNH:2
FNDA:3,(anonymous_0)
FNDA:10,(anonymous_1)
DA:1,3
DA:3,3
DA:4,3
DA:5,10
DA:6,10
DA:7,10
DA:8,10
DA:15,3
DA:18,3
LF:9
LH:9
BRF:0
BRH:0
end_of_record
TN:
SF:src\components\details.tsx
FN:44,(anonymous_0)
FN:51,(anonymous_1)
FN:57,(anonymous_2)
FN:64,(anonymous_3)
FNF:4
FNH:4
FNDA:3,(anonymous_0)
FNDA:1,(anonymous_1)
FNDA:3,(anonymous_2)
FNDA:6,(anonymous_3)
DA:1,1
DA:2,1
DA:3,1
DA:4,1
DA:5,1
DA:7,1
DA:45,3
DA:46,3
DA:51,3
DA:53,1
DA:58,3
DA:59,3
DA:60,3
DA:61,3
DA:65,6
DA:67,6
DA:70,3
DA:71,3
DA:74,3
DA:83,3
DA:125,1
LF:21
LH:21
BRDA:67,0,0,3
BRDA:113,1,0,1
BRDA:113,1,1,2
BRDA:114,2,0,2
BRDA:114,2,1,1
BRF:5
BRH:5
end_of_record
TN:
SF:src\pages\homepage.tsx
FN:50,(anonymous_0)
FN:59,(anonymous_1)
FN:64,(anonymous_2)
FN:72,(anonymous_3)
FN:87,(anonymous_4)
FN:91,(anonymous_5)
FN:96,(anonymous_6)
FN:103,(anonymous_7)
FNF:8
FNH:8
FNDA:6,(anonymous_0)
FNDA:1,(anonymous_1)
FNDA:2,(anonymous_2)
FNDA:3,(anonymous_3)
FNDA:2,(anonymous_4)
FNDA:1,(anonymous_5)
FNDA:6,(anonymous_6)
FNDA:12,(anonymous_7)
DA:1,2
DA:2,2
DA:3,2
DA:4,2
DA:5,2
DA:6,2
DA:38,2
DA:49,6
DA:51,6
DA:52,6
DA:59,6
DA:60,1
DA:61,1
DA:63,1
DA:64,1
DA:65,2
DA:67,1
DA:68,1
DA:69,1
DA:72,6
DA:73,3
DA:74,3
DA:75,2
DA:77,1
DA:78,1
DA:80,1
DA:83,2
DA:87,6
DA:88,2
DA:91,6
DA:92,1
DA:93,1
DA:96,6
DA:97,6
DA:98,6
DA:99,5
DA:104,12
DA:105,12
DA:174,2
LF:39
LH:39
BRDA:77,0,0,1
BRDA:98,1,0,5
BRDA:153,2,0,7
BRDA:153,2,1,5
BRF:4
BRH:4
end_of_record
